{"/Users/baptisteloiseau/Developer/3WA/dev3/squadforge/src/modules/create-game/core/form/players-form.ts": {"path":"/Users/baptisteloiseau/Developer/3WA/dev3/squadforge/src/modules/create-game/core/form/players-form.ts","all":false,"statementMap":{"0":{"start":{"line":1,"column":0},"end":{"line":1,"column":60}},"1":{"start":{"line":2,"column":0},"end":{"line":2,"column":57}},"2":{"start":{"line":3,"column":0},"end":{"line":3,"column":0}},"3":{"start":{"line":4,"column":0},"end":{"line":4,"column":26}},"4":{"start":{"line":5,"column":0},"end":{"line":5,"column":51}},"5":{"start":{"line":6,"column":0},"end":{"line":6,"column":0}},"6":{"start":{"line":7,"column":0},"end":{"line":7,"column":52}},"7":{"start":{"line":8,"column":0},"end":{"line":8,"column":12}},"8":{"start":{"line":9,"column":0},"end":{"line":9,"column":15}},"9":{"start":{"line":10,"column":0},"end":{"line":10,"column":16}},"10":{"start":{"line":11,"column":0},"end":{"line":11,"column":25}},"11":{"start":{"line":12,"column":0},"end":{"line":12,"column":9}},"12":{"start":{"line":13,"column":0},"end":{"line":13,"column":42}},"13":{"start":{"line":14,"column":0},"end":{"line":14,"column":28}},"14":{"start":{"line":15,"column":0},"end":{"line":15,"column":26}},"15":{"start":{"line":16,"column":0},"end":{"line":16,"column":18}},"16":{"start":{"line":17,"column":0},"end":{"line":17,"column":10}},"17":{"start":{"line":18,"column":0},"end":{"line":18,"column":8}},"18":{"start":{"line":19,"column":0},"end":{"line":19,"column":6}},"19":{"start":{"line":20,"column":0},"end":{"line":20,"column":3}},"20":{"start":{"line":21,"column":0},"end":{"line":21,"column":0}},"21":{"start":{"line":22,"column":0},"end":{"line":22,"column":67}},"22":{"start":{"line":23,"column":0},"end":{"line":23,"column":12}},"23":{"start":{"line":24,"column":0},"end":{"line":24,"column":15}},"24":{"start":{"line":25,"column":0},"end":{"line":25,"column":66}},"25":{"start":{"line":26,"column":0},"end":{"line":26,"column":74}},"26":{"start":{"line":27,"column":0},"end":{"line":27,"column":6}},"27":{"start":{"line":28,"column":0},"end":{"line":28,"column":3}},"28":{"start":{"line":29,"column":0},"end":{"line":29,"column":0}},"29":{"start":{"line":30,"column":0},"end":{"line":30,"column":71}},"30":{"start":{"line":31,"column":0},"end":{"line":31,"column":12}},"31":{"start":{"line":32,"column":0},"end":{"line":32,"column":15}},"32":{"start":{"line":33,"column":0},"end":{"line":33,"column":68}},"33":{"start":{"line":34,"column":0},"end":{"line":34,"column":12}},"34":{"start":{"line":35,"column":0},"end":{"line":35,"column":15}},"35":{"start":{"line":36,"column":0},"end":{"line":36,"column":6}},"36":{"start":{"line":37,"column":0},"end":{"line":37,"column":3}},"37":{"start":{"line":38,"column":0},"end":{"line":38,"column":0}},"38":{"start":{"line":39,"column":0},"end":{"line":39,"column":49}},"39":{"start":{"line":40,"column":0},"end":{"line":40,"column":73}},"40":{"start":{"line":41,"column":0},"end":{"line":41,"column":3}},"41":{"start":{"line":42,"column":0},"end":{"line":42,"column":0}},"42":{"start":{"line":43,"column":0},"end":{"line":43,"column":49}},"43":{"start":{"line":44,"column":0},"end":{"line":44,"column":26}},"44":{"start":{"line":45,"column":0},"end":{"line":45,"column":15}},"45":{"start":{"line":46,"column":0},"end":{"line":46,"column":11}},"46":{"start":{"line":47,"column":0},"end":{"line":47,"column":30}},"47":{"start":{"line":48,"column":0},"end":{"line":48,"column":21}},"48":{"start":{"line":49,"column":0},"end":{"line":49,"column":44}},"49":{"start":{"line":50,"column":0},"end":{"line":50,"column":0}},"50":{"start":{"line":51,"column":0},"end":{"line":51,"column":63}},"51":{"start":{"line":52,"column":0},"end":{"line":52,"column":29}},"52":{"start":{"line":53,"column":0},"end":{"line":53,"column":16}},"53":{"start":{"line":54,"column":0},"end":{"line":54,"column":20}},"54":{"start":{"line":55,"column":0},"end":{"line":55,"column":23}},"55":{"start":{"line":56,"column":0},"end":{"line":56,"column":10}},"56":{"start":{"line":57,"column":0},"end":{"line":57,"column":7}},"57":{"start":{"line":58,"column":0},"end":{"line":58,"column":20}},"58":{"start":{"line":59,"column":0},"end":{"line":59,"column":9}},"59":{"start":{"line":60,"column":0},"end":{"line":60,"column":3}},"60":{"start":{"line":61,"column":0},"end":{"line":61,"column":1}}},"s":{"0":1,"1":1,"2":1,"3":1,"4":1,"5":1,"6":1,"7":3,"8":3,"9":3,"10":3,"11":3,"12":3,"13":3,"14":3,"15":3,"16":3,"17":3,"18":3,"19":3,"20":1,"21":1,"22":4,"23":4,"24":4,"25":4,"26":4,"27":4,"28":1,"29":1,"30":3,"31":3,"32":3,"33":3,"34":3,"35":3,"36":3,"37":1,"38":1,"39":3,"40":3,"41":1,"42":1,"43":4,"44":4,"45":4,"46":4,"47":4,"48":4,"49":3,"50":3,"51":3,"52":3,"53":3,"54":3,"55":3,"56":3,"57":0,"58":3,"59":3,"60":1},"branchMap":{"0":{"type":"branch","line":5,"loc":{"start":{"line":5,"column":2},"end":{"line":5,"column":51}},"locations":[{"start":{"line":5,"column":2},"end":{"line":5,"column":51}}]},"1":{"type":"branch","line":7,"loc":{"start":{"line":7,"column":2},"end":{"line":20,"column":3}},"locations":[{"start":{"line":7,"column":2},"end":{"line":20,"column":3}}]},"2":{"type":"branch","line":22,"loc":{"start":{"line":22,"column":2},"end":{"line":28,"column":3}},"locations":[{"start":{"line":22,"column":2},"end":{"line":28,"column":3}}]},"3":{"type":"branch","line":26,"loc":{"start":{"line":26,"column":46},"end":{"line":26,"column":52}},"locations":[{"start":{"line":26,"column":46},"end":{"line":26,"column":52}}]},"4":{"type":"branch","line":26,"loc":{"start":{"line":26,"column":53},"end":{"line":26,"column":73}},"locations":[{"start":{"line":26,"column":53},"end":{"line":26,"column":73}}]},"5":{"type":"branch","line":25,"loc":{"start":{"line":25,"column":36},"end":{"line":25,"column":64}},"locations":[{"start":{"line":25,"column":36},"end":{"line":25,"column":64}}]},"6":{"type":"branch","line":30,"loc":{"start":{"line":30,"column":2},"end":{"line":37,"column":3}},"locations":[{"start":{"line":30,"column":2},"end":{"line":37,"column":3}}]},"7":{"type":"branch","line":34,"loc":{"start":{"line":34,"column":8},"end":{"line":34,"column":12}},"locations":[{"start":{"line":34,"column":8},"end":{"line":34,"column":12}}]},"8":{"type":"branch","line":35,"loc":{"start":{"line":35,"column":8},"end":{"line":35,"column":14}},"locations":[{"start":{"line":35,"column":8},"end":{"line":35,"column":14}}]},"9":{"type":"branch","line":33,"loc":{"start":{"line":33,"column":39},"end":{"line":33,"column":67}},"locations":[{"start":{"line":33,"column":39},"end":{"line":33,"column":67}}]},"10":{"type":"branch","line":39,"loc":{"start":{"line":39,"column":2},"end":{"line":41,"column":3}},"locations":[{"start":{"line":39,"column":2},"end":{"line":41,"column":3}}]},"11":{"type":"branch","line":40,"loc":{"start":{"line":40,"column":35},"end":{"line":40,"column":57}},"locations":[{"start":{"line":40,"column":35},"end":{"line":40,"column":57}}]},"12":{"type":"branch","line":40,"loc":{"start":{"line":40,"column":58},"end":{"line":40,"column":64}},"locations":[{"start":{"line":40,"column":58},"end":{"line":40,"column":64}}]},"13":{"type":"branch","line":40,"loc":{"start":{"line":40,"column":65},"end":{"line":40,"column":72}},"locations":[{"start":{"line":40,"column":65},"end":{"line":40,"column":72}}]},"14":{"type":"branch","line":43,"loc":{"start":{"line":43,"column":2},"end":{"line":60,"column":3}},"locations":[{"start":{"line":43,"column":2},"end":{"line":60,"column":3}}]},"15":{"type":"branch","line":49,"loc":{"start":{"line":49,"column":31},"end":{"line":49,"column":44}},"locations":[{"start":{"line":49,"column":31},"end":{"line":49,"column":44}}]},"16":{"type":"branch","line":50,"loc":{"start":{"line":50,"column":-1},"end":{"line":60,"column":3}},"locations":[{"start":{"line":50,"column":-1},"end":{"line":60,"column":3}}]},"17":{"type":"branch","line":51,"loc":{"start":{"line":51,"column":50},"end":{"line":59,"column":5}},"locations":[{"start":{"line":51,"column":50},"end":{"line":59,"column":5}}]},"18":{"type":"branch","line":58,"loc":{"start":{"line":58,"column":-1},"end":{"line":59,"column":5}},"locations":[{"start":{"line":58,"column":-1},"end":{"line":59,"column":5}}]}},"b":{"0":[1],"1":[3],"2":[4],"3":[1],"4":[3],"5":[5],"6":[3],"7":[2],"8":[1],"9":[3],"10":[3],"11":[2],"12":[1],"13":[2],"14":[4],"15":[1],"16":[3],"17":[3],"18":[0]},"fnMap":{"0":{"name":"PlayersForm","decl":{"start":{"line":5,"column":2},"end":{"line":5,"column":51}},"loc":{"start":{"line":5,"column":2},"end":{"line":5,"column":51}},"line":5},"1":{"name":"addPlayer","decl":{"start":{"line":7,"column":2},"end":{"line":20,"column":3}},"loc":{"start":{"line":7,"column":2},"end":{"line":20,"column":3}},"line":7},"2":{"name":"removePlayer","decl":{"start":{"line":22,"column":2},"end":{"line":28,"column":3}},"loc":{"start":{"line":22,"column":2},"end":{"line":28,"column":3}},"line":22},"3":{"name":"changeTeamLeader","decl":{"start":{"line":30,"column":2},"end":{"line":37,"column":3}},"loc":{"start":{"line":30,"column":2},"end":{"line":37,"column":3}},"line":30},"4":{"name":"isSubmittable","decl":{"start":{"line":39,"column":2},"end":{"line":41,"column":3}},"loc":{"start":{"line":39,"column":2},"end":{"line":41,"column":3}},"line":39},"5":{"name":"updatePlayer","decl":{"start":{"line":43,"column":2},"end":{"line":60,"column":3}},"loc":{"start":{"line":43,"column":2},"end":{"line":60,"column":3}},"line":43}},"f":{"0":1,"1":3,"2":4,"3":3,"4":3,"5":4}}
}
