{"/Users/baptisteloiseau/Developer/3WA/dev3/squadforge/src/modules/create-game/core/form/players-form.ts": {"path":"/Users/baptisteloiseau/Developer/3WA/dev3/squadforge/src/modules/create-game/core/form/players-form.ts","all":false,"statementMap":{"0":{"start":{"line":1,"column":0},"end":{"line":1,"column":60}},"1":{"start":{"line":2,"column":0},"end":{"line":2,"column":65}},"2":{"start":{"line":3,"column":0},"end":{"line":3,"column":0}},"3":{"start":{"line":4,"column":0},"end":{"line":4,"column":26}},"4":{"start":{"line":5,"column":0},"end":{"line":5,"column":51}},"5":{"start":{"line":6,"column":0},"end":{"line":6,"column":0}},"6":{"start":{"line":7,"column":0},"end":{"line":7,"column":68}},"7":{"start":{"line":8,"column":0},"end":{"line":8,"column":12}},"8":{"start":{"line":9,"column":0},"end":{"line":9,"column":15}},"9":{"start":{"line":10,"column":0},"end":{"line":10,"column":16}},"10":{"start":{"line":11,"column":0},"end":{"line":11,"column":25}},"11":{"start":{"line":12,"column":0},"end":{"line":12,"column":9}},"12":{"start":{"line":13,"column":0},"end":{"line":13,"column":42}},"13":{"start":{"line":14,"column":0},"end":{"line":14,"column":28}},"14":{"start":{"line":15,"column":0},"end":{"line":15,"column":26}},"15":{"start":{"line":16,"column":0},"end":{"line":16,"column":18}},"16":{"start":{"line":17,"column":0},"end":{"line":17,"column":10}},"17":{"start":{"line":18,"column":0},"end":{"line":18,"column":8}},"18":{"start":{"line":19,"column":0},"end":{"line":19,"column":6}},"19":{"start":{"line":20,"column":0},"end":{"line":20,"column":3}},"20":{"start":{"line":21,"column":0},"end":{"line":21,"column":0}},"21":{"start":{"line":22,"column":0},"end":{"line":22,"column":15}},"22":{"start":{"line":23,"column":0},"end":{"line":23,"column":34}},"23":{"start":{"line":24,"column":0},"end":{"line":24,"column":14}},"24":{"start":{"line":25,"column":0},"end":{"line":25,"column":29}},"25":{"start":{"line":26,"column":0},"end":{"line":26,"column":12}},"26":{"start":{"line":27,"column":0},"end":{"line":27,"column":15}},"27":{"start":{"line":28,"column":0},"end":{"line":28,"column":66}},"28":{"start":{"line":29,"column":0},"end":{"line":29,"column":74}},"29":{"start":{"line":30,"column":0},"end":{"line":30,"column":6}},"30":{"start":{"line":31,"column":0},"end":{"line":31,"column":3}},"31":{"start":{"line":32,"column":0},"end":{"line":32,"column":0}},"32":{"start":{"line":33,"column":0},"end":{"line":33,"column":19}},"33":{"start":{"line":34,"column":0},"end":{"line":34,"column":34}},"34":{"start":{"line":35,"column":0},"end":{"line":35,"column":14}},"35":{"start":{"line":36,"column":0},"end":{"line":36,"column":29}},"36":{"start":{"line":37,"column":0},"end":{"line":37,"column":12}},"37":{"start":{"line":38,"column":0},"end":{"line":38,"column":15}},"38":{"start":{"line":39,"column":0},"end":{"line":39,"column":68}},"39":{"start":{"line":40,"column":0},"end":{"line":40,"column":12}},"40":{"start":{"line":41,"column":0},"end":{"line":41,"column":15}},"41":{"start":{"line":42,"column":0},"end":{"line":42,"column":6}},"42":{"start":{"line":43,"column":0},"end":{"line":43,"column":3}},"43":{"start":{"line":44,"column":0},"end":{"line":44,"column":0}},"44":{"start":{"line":45,"column":0},"end":{"line":45,"column":57}},"45":{"start":{"line":46,"column":0},"end":{"line":46,"column":73}},"46":{"start":{"line":47,"column":0},"end":{"line":47,"column":3}},"47":{"start":{"line":48,"column":0},"end":{"line":48,"column":0}},"48":{"start":{"line":49,"column":0},"end":{"line":49,"column":15}},"49":{"start":{"line":50,"column":0},"end":{"line":50,"column":34}},"50":{"start":{"line":51,"column":0},"end":{"line":51,"column":15}},"51":{"start":{"line":52,"column":0},"end":{"line":52,"column":40}},"52":{"start":{"line":53,"column":0},"end":{"line":53,"column":17}},"53":{"start":{"line":54,"column":0},"end":{"line":54,"column":29}},"54":{"start":{"line":55,"column":0},"end":{"line":55,"column":44}},"55":{"start":{"line":56,"column":0},"end":{"line":56,"column":0}},"56":{"start":{"line":57,"column":0},"end":{"line":57,"column":58}},"57":{"start":{"line":58,"column":0},"end":{"line":58,"column":29}},"58":{"start":{"line":59,"column":0},"end":{"line":59,"column":16}},"59":{"start":{"line":60,"column":0},"end":{"line":60,"column":20}},"60":{"start":{"line":61,"column":0},"end":{"line":61,"column":62}},"61":{"start":{"line":62,"column":0},"end":{"line":62,"column":10}},"62":{"start":{"line":63,"column":0},"end":{"line":63,"column":7}},"63":{"start":{"line":64,"column":0},"end":{"line":64,"column":20}},"64":{"start":{"line":65,"column":0},"end":{"line":65,"column":7}},"65":{"start":{"line":66,"column":0},"end":{"line":66,"column":0}},"66":{"start":{"line":67,"column":0},"end":{"line":67,"column":49}},"67":{"start":{"line":68,"column":0},"end":{"line":68,"column":3}},"68":{"start":{"line":69,"column":0},"end":{"line":69,"column":1}}},"s":{"0":1,"1":1,"2":1,"3":1,"4":1,"5":1,"6":1,"7":3,"8":3,"9":3,"10":3,"11":3,"12":3,"13":3,"14":3,"15":3,"16":3,"17":3,"18":3,"19":3,"20":1,"21":1,"22":4,"23":4,"24":4,"25":4,"26":4,"27":4,"28":4,"29":4,"30":4,"31":1,"32":1,"33":3,"34":3,"35":3,"36":3,"37":3,"38":3,"39":3,"40":3,"41":3,"42":3,"43":1,"44":1,"45":3,"46":3,"47":1,"48":1,"49":4,"50":4,"51":4,"52":4,"53":4,"54":4,"55":3,"56":3,"57":3,"58":3,"59":3,"60":3,"61":3,"62":3,"63":0,"64":3,"65":3,"66":3,"67":3,"68":1},"branchMap":{"0":{"type":"branch","line":5,"loc":{"start":{"line":5,"column":2},"end":{"line":5,"column":51}},"locations":[{"start":{"line":5,"column":2},"end":{"line":5,"column":51}}]},"1":{"type":"branch","line":7,"loc":{"start":{"line":7,"column":2},"end":{"line":20,"column":3}},"locations":[{"start":{"line":7,"column":2},"end":{"line":20,"column":3}}]},"2":{"type":"branch","line":22,"loc":{"start":{"line":22,"column":2},"end":{"line":31,"column":3}},"locations":[{"start":{"line":22,"column":2},"end":{"line":31,"column":3}}]},"3":{"type":"branch","line":29,"loc":{"start":{"line":29,"column":46},"end":{"line":29,"column":52}},"locations":[{"start":{"line":29,"column":46},"end":{"line":29,"column":52}}]},"4":{"type":"branch","line":29,"loc":{"start":{"line":29,"column":53},"end":{"line":29,"column":73}},"locations":[{"start":{"line":29,"column":53},"end":{"line":29,"column":73}}]},"5":{"type":"branch","line":28,"loc":{"start":{"line":28,"column":36},"end":{"line":28,"column":64}},"locations":[{"start":{"line":28,"column":36},"end":{"line":28,"column":64}}]},"6":{"type":"branch","line":33,"loc":{"start":{"line":33,"column":2},"end":{"line":43,"column":3}},"locations":[{"start":{"line":33,"column":2},"end":{"line":43,"column":3}}]},"7":{"type":"branch","line":40,"loc":{"start":{"line":40,"column":8},"end":{"line":40,"column":12}},"locations":[{"start":{"line":40,"column":8},"end":{"line":40,"column":12}}]},"8":{"type":"branch","line":41,"loc":{"start":{"line":41,"column":8},"end":{"line":41,"column":14}},"locations":[{"start":{"line":41,"column":8},"end":{"line":41,"column":14}}]},"9":{"type":"branch","line":39,"loc":{"start":{"line":39,"column":39},"end":{"line":39,"column":67}},"locations":[{"start":{"line":39,"column":39},"end":{"line":39,"column":67}}]},"10":{"type":"branch","line":45,"loc":{"start":{"line":45,"column":2},"end":{"line":47,"column":3}},"locations":[{"start":{"line":45,"column":2},"end":{"line":47,"column":3}}]},"11":{"type":"branch","line":46,"loc":{"start":{"line":46,"column":35},"end":{"line":46,"column":57}},"locations":[{"start":{"line":46,"column":35},"end":{"line":46,"column":57}}]},"12":{"type":"branch","line":46,"loc":{"start":{"line":46,"column":58},"end":{"line":46,"column":64}},"locations":[{"start":{"line":46,"column":58},"end":{"line":46,"column":64}}]},"13":{"type":"branch","line":46,"loc":{"start":{"line":46,"column":65},"end":{"line":46,"column":72}},"locations":[{"start":{"line":46,"column":65},"end":{"line":46,"column":72}}]},"14":{"type":"branch","line":49,"loc":{"start":{"line":49,"column":2},"end":{"line":68,"column":3}},"locations":[{"start":{"line":49,"column":2},"end":{"line":68,"column":3}}]},"15":{"type":"branch","line":55,"loc":{"start":{"line":55,"column":19},"end":{"line":55,"column":29}},"locations":[{"start":{"line":55,"column":19},"end":{"line":55,"column":29}}]},"16":{"type":"branch","line":55,"loc":{"start":{"line":55,"column":31},"end":{"line":55,"column":44}},"locations":[{"start":{"line":55,"column":31},"end":{"line":55,"column":44}}]},"17":{"type":"branch","line":56,"loc":{"start":{"line":56,"column":-1},"end":{"line":68,"column":3}},"locations":[{"start":{"line":56,"column":-1},"end":{"line":68,"column":3}}]},"18":{"type":"branch","line":57,"loc":{"start":{"line":57,"column":45},"end":{"line":65,"column":5}},"locations":[{"start":{"line":57,"column":45},"end":{"line":65,"column":5}}]},"19":{"type":"branch","line":61,"loc":{"start":{"line":61,"column":38},"end":{"line":61,"column":45}},"locations":[{"start":{"line":61,"column":38},"end":{"line":61,"column":45}}]},"20":{"type":"branch","line":61,"loc":{"start":{"line":61,"column":46},"end":{"line":61,"column":61}},"locations":[{"start":{"line":61,"column":46},"end":{"line":61,"column":61}}]},"21":{"type":"branch","line":64,"loc":{"start":{"line":64,"column":-1},"end":{"line":65,"column":5}},"locations":[{"start":{"line":64,"column":-1},"end":{"line":65,"column":5}}]}},"b":{"0":[1],"1":[3],"2":[4],"3":[1],"4":[3],"5":[5],"6":[3],"7":[2],"8":[1],"9":[3],"10":[3],"11":[2],"12":[1],"13":[2],"14":[4],"15":[3],"16":[1],"17":[3],"18":[3],"19":[2],"20":[1],"21":[0]},"fnMap":{"0":{"name":"PlayersForm","decl":{"start":{"line":5,"column":2},"end":{"line":5,"column":51}},"loc":{"start":{"line":5,"column":2},"end":{"line":5,"column":51}},"line":5},"1":{"name":"addPlayer","decl":{"start":{"line":7,"column":2},"end":{"line":20,"column":3}},"loc":{"start":{"line":7,"column":2},"end":{"line":20,"column":3}},"line":7},"2":{"name":"removePlayer","decl":{"start":{"line":22,"column":2},"end":{"line":31,"column":3}},"loc":{"start":{"line":22,"column":2},"end":{"line":31,"column":3}},"line":22},"3":{"name":"changeTeamLeader","decl":{"start":{"line":33,"column":2},"end":{"line":43,"column":3}},"loc":{"start":{"line":33,"column":2},"end":{"line":43,"column":3}},"line":33},"4":{"name":"isSubmittable","decl":{"start":{"line":45,"column":2},"end":{"line":47,"column":3}},"loc":{"start":{"line":45,"column":2},"end":{"line":47,"column":3}},"line":45},"5":{"name":"updatePlayer","decl":{"start":{"line":49,"column":2},"end":{"line":68,"column":3}},"loc":{"start":{"line":49,"column":2},"end":{"line":68,"column":3}},"line":49}},"f":{"0":1,"1":3,"2":4,"3":3,"4":3,"5":4}}
}
