TN:
SF:src/modules/create-game/core/form/players-form.ts
FN:5,PlayersForm
FN:7,addPlayer
FN:22,removePlayer
FN:30,changeTeamLeader
FN:39,isSubmittable
FN:43,updatePlayer
FNF:6
FNH:6
FNDA:1,PlayersForm
FNDA:3,addPlayer
FNDA:4,removePlayer
FNDA:3,changeTeamLeader
FNDA:3,isSubmittable
FNDA:4,updatePlayer
DA:1,1
DA:2,1
DA:3,1
DA:4,1
DA:5,1
DA:6,1
DA:7,1
DA:8,3
DA:9,3
DA:10,3
DA:11,3
DA:12,3
DA:13,3
DA:14,3
DA:15,3
DA:16,3
DA:17,3
DA:18,3
DA:19,3
DA:20,3
DA:21,1
DA:22,1
DA:23,4
DA:24,4
DA:25,4
DA:26,4
DA:27,4
DA:28,4
DA:29,1
DA:30,1
DA:31,3
DA:32,3
DA:33,3
DA:34,3
DA:35,3
DA:36,3
DA:37,3
DA:38,1
DA:39,1
DA:40,3
DA:41,3
DA:42,1
DA:43,1
DA:44,4
DA:45,4
DA:46,4
DA:47,4
DA:48,4
DA:49,4
DA:50,3
DA:51,3
DA:52,3
DA:53,3
DA:54,3
DA:55,3
DA:56,3
DA:57,3
DA:58,0
DA:59,3
DA:60,3
DA:61,1
LF:61
LH:60
BRDA:5,0,0,1
BRDA:7,1,0,3
BRDA:22,2,0,4
BRDA:26,3,0,1
BRDA:26,4,0,3
BRDA:25,5,0,5
BRDA:30,6,0,3
BRDA:34,7,0,2
BRDA:35,8,0,1
BRDA:33,9,0,3
BRDA:39,10,0,3
BRDA:40,11,0,2
BRDA:40,12,0,1
BRDA:40,13,0,2
BRDA:43,14,0,4
BRDA:49,15,0,1
BRDA:50,16,0,3
BRDA:51,17,0,3
BRDA:58,18,0,0
BRF:19
BRH:18
end_of_record
