TN:
SF:src/modules/create-game/core/form/players-form.ts
FN:5,PlayersForm
FN:7,addPlayer
FN:22,removePlayer
FN:32,changeTeamLeader
FNF:4
FNH:4
FNDA:1,PlayersForm
FNDA:3,addPlayer
FNDA:3,removePlayer
FNDA:3,changeTeamLeader
DA:1,1
DA:2,1
DA:3,1
DA:4,1
DA:5,1
DA:6,1
DA:7,1
DA:8,3
DA:9,3
DA:10,3
DA:11,3
DA:12,3
DA:13,3
DA:14,3
DA:15,3
DA:16,3
DA:17,3
DA:18,3
DA:19,3
DA:20,3
DA:21,1
DA:22,1
DA:23,3
DA:24,3
DA:25,3
DA:26,3
DA:27,3
DA:28,3
DA:29,3
DA:30,3
DA:31,1
DA:32,1
DA:33,3
DA:34,3
DA:35,3
DA:36,3
DA:37,3
DA:38,3
DA:39,3
DA:40,3
DA:41,3
DA:42,3
DA:43,1
LF:43
LH:43
BRDA:5,0,0,1
BRDA:7,1,0,3
BRDA:22,2,0,3
BRDA:28,3,0,3
BRDA:32,4,0,3
BRDA:39,5,0,2
BRDA:40,6,0,1
BRDA:38,7,0,3
BRF:8
BRH:8
end_of_record
